{"C:\\Users\\wesnd\\Documents\\cursos\\won\\src\\app\\layout.tsx": {"path":"C:\\Users\\wesnd\\Documents\\cursos\\won\\src\\app\\layout.tsx","statementMap":{"0":{"start":{"line":21,"column":24},"end":{"line":21,"column":35}},"1":{"start":{"line":16,"column":13},"end":{"line":16,"column":21}},"2":{"start":{"line":2,"column":22},"end":{"line":2,"column":null}},"3":{"start":{"line":3,"column":7},"end":{"line":3,"column":null}},"4":{"start":{"line":5,"column":18},"end":{"line":9,"column":null}},"5":{"start":{"line":10,"column":18},"end":{"line":14,"column":null}},"6":{"start":{"line":16,"column":34},"end":{"line":19,"column":null}}},"fnMap":{"0":{"name":"RootLayout","decl":{"start":{"line":21,"column":24},"end":{"line":21,"column":35}},"loc":{"start":{"line":25,"column":2},"end":{"line":33,"column":1}}}},"branchMap":{},"s":{"0":0,"1":0,"2":0,"3":0,"4":0,"5":0,"6":0},"f":{"0":0},"b":{}}
,"C:\\Users\\wesnd\\Documents\\cursos\\won\\src\\componens\\main\\index.tsx": {"path":"C:\\Users\\wesnd\\Documents\\cursos\\won\\src\\componens\\main\\index.tsx","statementMap":{"0":{"start":{"line":9,"column":0},"end":{"line":9,"column":15}},"1":{"start":{"line":1,"column":13},"end":{"line":7,"column":null}},"2":{"start":{"line":9,"column":15},"end":{"line":9,"column":null}}},"fnMap":{"0":{"name":"(anonymous_1)","decl":{"start":{"line":1,"column":13},"end":{"line":1,"column":null}},"loc":{"start":{"line":1,"column":13},"end":{"line":7,"column":null}}}},"branchMap":{},"s":{"0":2,"1":1,"2":1},"f":{"0":1},"b":{}}
}
