{"C:\\Users\\wesnd\\Documents\\cursos\\won\\src\\components\\main\\index.tsx": {"path":"C:\\Users\\wesnd\\Documents\\cursos\\won\\src\\components\\main\\index.tsx","statementMap":{"0":{"start":{"line":11,"column":0},"end":{"line":11,"column":15}},"1":{"start":{"line":1,"column":19},"end":{"line":1,"column":null}},"2":{"start":{"line":3,"column":13},"end":{"line":9,"column":null}},"3":{"start":{"line":11,"column":15},"end":{"line":11,"column":null}}},"fnMap":{"0":{"name":"(anonymous_4)","decl":{"start":{"line":3,"column":13},"end":{"line":3,"column":null}},"loc":{"start":{"line":3,"column":13},"end":{"line":9,"column":null}}}},"branchMap":{},"s":{"0":2,"1":1,"2":1,"3":1},"f":{"0":1},"b":{}}
,"C:\\Users\\wesnd\\Documents\\cursos\\won\\src\\components\\main\\styles.ts": {"path":"C:\\Users\\wesnd\\Documents\\cursos\\won\\src\\components\\main\\styles.ts","statementMap":{"0":{"start":{"line":5,"column":13},"end":{"line":5,"column":23}},"1":{"start":{"line":3,"column":23},"end":{"line":3,"column":null}},"2":{"start":{"line":5,"column":23},"end":{"line":16,"column":1}}},"fnMap":{},"branchMap":{},"s":{"0":1,"1":1,"2":1},"f":{},"b":{}}
}
